<?xml version="1.0" encoding="UTF-8"?>
<!-- Generated by org.testng.reporters.JUnitXMLReporter -->
<testsuite hostname="DESKTOP-NBIRALS" ignored="2" name="Test" tests="3" failures="0" timestamp="07 Jul 2019 05:25:05 GMT" time="35.745" errors="0">
  <testcase name="loginTest" time="7.086" classname="academy.cgi.LoginPageTestWithMulInput"/>
  <testcase name="loginTest" time="6.168" classname="academy.cgi.LoginPageTestWithMulInput"/>
  <testcase name="loginTest" time="3.319" classname="academy.cgi.LoginPageTest"/>
  <testcase name="@AfterTest closeApplication" time="0.0" classname="resources.Base">
    <ignored/>
  </testcase> <!-- @AfterTest closeApplication -->
  <testcase name="@BeforeTest initializeDriver" time="0.0" classname="resources.Base">
    <ignored/>
  </testcase> <!-- @BeforeTest initializeDriver -->
</testsuite> <!-- Test -->
