<?xml version="1.0" encoding="UTF-8"?>
<!-- Generated by org.testng.reporters.JUnitXMLReporter -->
<testsuite hostname="DESKTOP-NBIRALS" ignored="0" name="Login Page Test With Multiple Input" tests="2" failures="0" timestamp="08 Jul 2019 02:55:13 GMT" time="34.505" errors="0">
  <testcase name="loginTest" time="9.672" classname="tests.LoginPageTestWithMulInputTest"/>
  <testcase name="loginTest" time="8.837" classname="tests.LoginPageTestWithMulInputTest"/>
</testsuite> <!-- Login Page Test With Multiple Input -->
