<?xml version="1.0" encoding="UTF-8"?>
<testng-results skipped="0" failed="0" ignored="2" total="5" passed="3">
  <reporter-output>
  </reporter-output>
  <suite name="Suite" duration-ms="35745" started-at="2019-07-07T05:24:29Z" finished-at="2019-07-07T05:25:04Z">
    <groups>
    </groups>
    <test name="Test" duration-ms="35745" started-at="2019-07-07T05:24:29Z" finished-at="2019-07-07T05:25:04Z">
      <class name="academy.cgi.LoginPageTestWithMulInput">
        <test-method status="PASS" signature="initializeDriver()[pri:0, instance:academy.cgi.LoginPageTestWithMulInput@59f99ea]" name="initializeDriver" is-config="true" duration-ms="16955" started-at="2019-07-07T05:24:29Z" finished-at="2019-07-07T05:24:46Z">
          <reporter-output>
          </reporter-output>
        </test-method> <!-- initializeDriver -->
        <test-method status="PASS" signature="loginTest(java.lang.String, java.lang.String, java.lang.String)[pri:0, instance:academy.cgi.LoginPageTestWithMulInput@59f99ea]" name="loginTest" duration-ms="7086" started-at="2019-07-07T05:24:46Z" data-provider="getData" finished-at="2019-07-07T05:24:53Z">
          <params>
            <param index="0">
              <value>
                <![CDATA[mdjoshi22@gmail.com]]>
              </value>
            </param>
            <param index="1">
              <value>
                <![CDATA[1234]]>
              </value>
            </param>
            <param index="2">
              <value>
                <![CDATA[Find a Flight: Mercury Tours:]]>
              </value>
            </param>
          </params>
          <reporter-output>
          </reporter-output>
        </test-method> <!-- loginTest -->
        <test-method status="PASS" signature="loginTest(java.lang.String, java.lang.String, java.lang.String)[pri:0, instance:academy.cgi.LoginPageTestWithMulInput@59f99ea]" name="loginTest" duration-ms="6168" started-at="2019-07-07T05:24:53Z" data-provider="getData" finished-at="2019-07-07T05:24:59Z">
          <params>
            <param index="0">
              <value>
                <![CDATA[anjalibhat82@gmail.com]]>
              </value>
            </param>
            <param index="1">
              <value>
                <![CDATA[1234]]>
              </value>
            </param>
            <param index="2">
              <value>
                <![CDATA[Find a Flight: Mercury Tours:]]>
              </value>
            </param>
          </params>
          <reporter-output>
          </reporter-output>
        </test-method> <!-- loginTest -->
        <test-method status="PASS" signature="closeApplication()[pri:0, instance:academy.cgi.LoginPageTestWithMulInput@59f99ea]" name="closeApplication" is-config="true" duration-ms="2122" started-at="2019-07-07T05:25:02Z" finished-at="2019-07-07T05:25:04Z">
          <reporter-output>
          </reporter-output>
        </test-method> <!-- closeApplication -->
      </class> <!-- academy.cgi.LoginPageTestWithMulInput -->
      <class name="academy.cgi.LoginPageTest">
        <test-method status="PASS" signature="loginTest()[pri:0, instance:academy.cgi.LoginPageTest@27efef64]" name="loginTest" duration-ms="3319" started-at="2019-07-07T05:24:59Z" finished-at="2019-07-07T05:25:02Z">
          <reporter-output>
          </reporter-output>
        </test-method> <!-- loginTest -->
      </class> <!-- academy.cgi.LoginPageTest -->
    </test> <!-- Test -->
  </suite> <!-- Suite -->
</testng-results>
